0 info it worked if it ends with ok
1 verbose cli [ '/usr/local/bin/node',
1 verbose cli   '/usr/local/bin/npm',
1 verbose cli   'run-script',
1 verbose cli   'webpack' ]
2 info using npm@3.10.9
3 info using node@v4.4.7
4 verbose run-script [ 'prewebpack', 'webpack', 'postwebpack' ]
5 info lifecycle webpack-config@1.0.0~prewebpack: webpack-config@1.0.0
6 silly lifecycle webpack-config@1.0.0~prewebpack: no script for prewebpack, continuing
7 info lifecycle webpack-config@1.0.0~webpack: webpack-config@1.0.0
8 verbose lifecycle webpack-config@1.0.0~webpack: unsafe-perm in lifecycle true
9 verbose lifecycle webpack-config@1.0.0~webpack: PATH: /usr/local/lib/node_modules/npm/bin/node-gyp-bin:/Users/ramirotrejo/Documents/Development/javascript-practice/webpack/webpack_configs_0104/node_modules/.bin:/Users/ramirotrejo/.node/bin:/Users/ramirotrejo/.rbenv/shims:/usr/local/bin:/usr/bin:/bin:/usr/sbin:/sbin:/Users/ramirotrejo/bin:/usr/local/go/bin
10 verbose lifecycle webpack-config@1.0.0~webpack: CWD: /Users/ramirotrejo/Documents/Development/javascript-practice/webpack/webpack_configs_0104
11 silly lifecycle webpack-config@1.0.0~webpack: Args: [ '-c', 'webpack --watch --progress --colors' ]
12 silly lifecycle webpack-config@1.0.0~webpack: Returned: code: 255  signal: null
13 info lifecycle webpack-config@1.0.0~webpack: Failed to exec webpack script
14 verbose stack Error: webpack-config@1.0.0 webpack: `webpack --watch --progress --colors`
14 verbose stack Exit status 255
14 verbose stack     at EventEmitter.<anonymous> (/usr/local/lib/node_modules/npm/lib/utils/lifecycle.js:255:16)
14 verbose stack     at emitTwo (events.js:87:13)
14 verbose stack     at EventEmitter.emit (events.js:172:7)
14 verbose stack     at ChildProcess.<anonymous> (/usr/local/lib/node_modules/npm/lib/utils/spawn.js:40:14)
14 verbose stack     at emitTwo (events.js:87:13)
14 verbose stack     at ChildProcess.emit (events.js:172:7)
14 verbose stack     at maybeClose (internal/child_process.js:827:16)
14 verbose stack     at Process.ChildProcess._handle.onexit (internal/child_process.js:211:5)
15 verbose pkgid webpack-config@1.0.0
16 verbose cwd /Users/ramirotrejo/Documents/Development/javascript-practice/webpack/webpack_configs_0104
17 error Darwin 16.0.0
18 error argv "/usr/local/bin/node" "/usr/local/bin/npm" "run-script" "webpack"
19 error node v4.4.7
20 error npm  v3.10.9
21 error code ELIFECYCLE
22 error webpack-config@1.0.0 webpack: `webpack --watch --progress --colors`
22 error Exit status 255
23 error Failed at the webpack-config@1.0.0 webpack script 'webpack --watch --progress --colors'.
23 error Make sure you have the latest version of node.js and npm installed.
23 error If you do, this is most likely a problem with the webpack-config package,
23 error not with npm itself.
23 error Tell the author that this fails on your system:
23 error     webpack --watch --progress --colors
23 error You can get information on how to open an issue for this project with:
23 error     npm bugs webpack-config
23 error Or if that isn't available, you can get their info via:
23 error     npm owner ls webpack-config
23 error There is likely additional logging output above.
24 verbose exit [ 1, true ]
